<?xml version="1.0" encoding="UTF-8"?>
<coverage generated="1641411685">
  <project timestamp="1641411685">
    <file name="/home/vagrant/code/packages/trigonometry/src/Angle.php">
      <class name="MarcoConsiglio\Trigonometry\Angle" namespace="global">
        <metrics complexity="36" methods="24" coveredmethods="23" conditionals="49" coveredconditionals="48" statements="62" coveredstatements="58" elements="135" coveredelements="129"/>
      </class>
      <line num="92" type="method" name="__construct" visibility="public" complexity="1" crap="1" count="21"/>
      <line num="94" type="stmt" count="21"/>
      <line num="95" type="stmt" count="21"/>
      <line num="103" type="method" name="__get" visibility="public" complexity="2" crap="2.50" count="2"/>
      <line num="105" type="stmt" count="2"/>
      <line num="106" type="stmt" count="2"/>
      <line num="108" type="stmt" count="0"/>
      <line num="119" type="method" name="createFromValues" visibility="public" complexity="1" crap="1" count="8"/>
      <line num="121" type="stmt" count="8"/>
      <line num="132" type="method" name="createFromString" visibility="public" complexity="1" crap="1" count="4"/>
      <line num="134" type="stmt" count="4"/>
      <line num="144" type="method" name="createFromDecimal" visibility="public" complexity="1" crap="1" count="6"/>
      <line num="146" type="stmt" count="6"/>
      <line num="156" type="method" name="createFromRadiant" visibility="public" complexity="1" crap="1" count="4"/>
      <line num="158" type="stmt" count="4"/>
      <line num="168" type="method" name="getDegrees" visibility="public" complexity="2" crap="2" count="2"/>
      <line num="170" type="stmt" count="2"/>
      <line num="172" type="stmt" count="1"/>
      <line num="173" type="stmt" count="1"/>
      <line num="174" type="stmt" count="1"/>
      <line num="178" type="stmt" count="1"/>
      <line num="179" type="stmt" count="1"/>
      <line num="180" type="stmt" count="1"/>
      <line num="190" type="method" name="isClockwise" visibility="public" complexity="1" crap="1" count="2"/>
      <line num="192" type="stmt" count="2"/>
      <line num="200" type="method" name="isCounterClockwise" visibility="public" complexity="1" crap="1" count="8"/>
      <line num="202" type="stmt" count="8"/>
      <line num="210" type="method" name="toggleDirection" visibility="public" complexity="1" crap="1" count="2"/>
      <line num="212" type="stmt" count="2"/>
      <line num="213" type="stmt" count="2"/>
      <line num="221" type="method" name="toDecimal" visibility="public" complexity="1" crap="1" count="8"/>
      <line num="223" type="stmt" count="8"/>
      <line num="224" type="stmt" count="8"/>
      <line num="225" type="stmt" count="8"/>
      <line num="233" type="method" name="toRadiant" visibility="public" complexity="1" crap="1" count="3"/>
      <line num="235" type="stmt" count="3"/>
      <line num="245" type="method" name="isGreaterThan" visibility="public" complexity="3" crap="3" count="2"/>
      <line num="247" type="stmt" count="2"/>
      <line num="248" type="stmt" count="1"/>
      <line num="249" type="stmt" count="2"/>
      <line num="250" type="stmt" count="1"/>
      <line num="252" type="stmt" count="1"/>
      <line num="253" type="stmt" count="0"/>
      <line num="262" type="method" name="gt" visibility="public" complexity="1" crap="1" count="2"/>
      <line num="264" type="stmt" count="2"/>
      <line num="274" type="method" name="isGreaterThanOrEqual" visibility="public" complexity="2" crap="2" count="1"/>
      <line num="276" type="stmt" count="1"/>
      <line num="277" type="stmt" count="1"/>
      <line num="279" type="stmt" count="1"/>
      <line num="289" type="method" name="gte" visibility="public" complexity="1" crap="1" count="1"/>
      <line num="291" type="stmt" count="1"/>
      <line num="301" type="method" name="isLessThan" visibility="public" complexity="3" crap="3" count="4"/>
      <line num="303" type="stmt" count="4"/>
      <line num="304" type="stmt" count="3"/>
      <line num="305" type="stmt" count="2"/>
      <line num="306" type="stmt" count="1"/>
      <line num="308" type="stmt" count="1"/>
      <line num="309" type="stmt" count="0"/>
      <line num="318" type="method" name="lt" visibility="public" complexity="1" crap="1" count="2"/>
      <line num="320" type="stmt" count="2"/>
      <line num="330" type="method" name="isLessThanOrEqual" visibility="public" complexity="2" crap="2" count="1"/>
      <line num="332" type="stmt" count="1"/>
      <line num="333" type="stmt" count="1"/>
      <line num="335" type="stmt" count="1"/>
      <line num="346" type="method" name="lte" visibility="public" complexity="1" crap="1" count="1"/>
      <line num="348" type="stmt" count="1"/>
      <line num="357" type="method" name="isEqual" visibility="public" complexity="3" crap="3" count="2"/>
      <line num="359" type="stmt" count="2"/>
      <line num="360" type="stmt" count="1"/>
      <line num="362" type="stmt" count="2"/>
      <line num="363" type="stmt" count="1"/>
      <line num="365" type="stmt" count="1"/>
      <line num="366" type="stmt" count="0"/>
      <line num="374" type="method" name="eq" visibility="public" complexity="1" crap="1" count="2"/>
      <line num="376" type="stmt" count="2"/>
      <line num="384" type="method" name="__toString" visibility="public" complexity="2" crap="2" count="6"/>
      <line num="386" type="stmt" count="6"/>
      <line num="387" type="stmt" count="6"/>
      <line num="401" type="method" name="throwInvalidArgumentException" visibility="private" complexity="2" crap="2.50" count="4"/>
      <line num="403" type="stmt" count="4"/>
      <line num="404" type="stmt" count="4"/>
      <line num="405" type="stmt" count="4"/>
      <line num="406" type="stmt" count="4"/>
      <line num="407" type="stmt" count="4"/>
      <line num="409" type="stmt" count="4"/>
      <line num="410" type="stmt" count="4"/>
      <line num="412" type="stmt" count="1"/>
      <metrics loc="411" ncloc="202" classes="1" methods="24" coveredmethods="23" conditionals="49" coveredconditionals="48" statements="62" coveredstatements="58" elements="135" coveredelements="129"/>
    </file>
    <file name="/home/vagrant/code/packages/trigonometry/src/Builders/AngleBuilder.php">
      <class name="MarcoConsiglio\Trigonometry\Builders\AngleBuilder" namespace="global">
        <metrics complexity="4" methods="2" coveredmethods="2" conditionals="6" coveredconditionals="6" statements="11" coveredstatements="11" elements="19" coveredelements="19"/>
      </class>
      <line num="79" type="method" name="fetchData" visibility="public" complexity="1" crap="1" count="12"/>
      <line num="82" type="stmt" count="12"/>
      <line num="83" type="stmt" count="12"/>
      <line num="84" type="stmt" count="12"/>
      <line num="85" type="stmt" count="12"/>
      <line num="94" type="method" name="overflow" visibility="protected" complexity="3" crap="4.12" count="10"/>
      <line num="96" type="stmt" count="10"/>
      <line num="97" type="stmt" count="1"/>
      <line num="98" type="stmt" count="1"/>
      <line num="100" type="stmt" count="10"/>
      <line num="101" type="stmt" count="1"/>
      <line num="102" type="stmt" count="1"/>
      <line num="104" type="stmt" count="10"/>
      <line num="105" type="stmt" count="1"/>
      <metrics loc="104" ncloc="46" classes="1" methods="2" coveredmethods="2" conditionals="6" coveredconditionals="6" statements="11" coveredstatements="11" elements="19" coveredelements="19"/>
    </file>
    <file name="/home/vagrant/code/packages/trigonometry/src/Builders/FromDecimal.php">
      <class name="MarcoConsiglio\Trigonometry\Builders\FromDecimal" namespace="global">
        <metrics complexity="11" methods="8" coveredmethods="8" conditionals="15" coveredconditionals="15" statements="23" coveredstatements="23" elements="46" coveredelements="46"/>
      </class>
      <line num="24" type="method" name="__construct" visibility="public" complexity="1" crap="1" count="9"/>
      <line num="26" type="stmt" count="9"/>
      <line num="27" type="stmt" count="9"/>
      <line num="28" type="stmt" count="7"/>
      <line num="35" type="method" name="checkOverflow" visibility="public" complexity="2" crap="2" count="7"/>
      <line num="37" type="stmt" count="7"/>
      <line num="38" type="stmt" count="2"/>
      <line num="40" type="stmt" count="5"/>
      <line num="48" type="method" name="exceedsRoundAngle" visibility="protected" complexity="2" crap="2" count="7"/>
      <line num="50" type="stmt" count="7"/>
      <line num="51" type="stmt" count="2"/>
      <line num="53" type="stmt" count="5"/>
      <line num="61" type="method" name="calcDegrees" visibility="public" complexity="1" crap="1" count="7"/>
      <line num="63" type="stmt" count="7"/>
      <line num="64" type="stmt" count="7"/>
      <line num="71" type="method" name="calcMinutes" visibility="public" complexity="1" crap="1" count="7"/>
      <line num="73" type="stmt" count="7"/>
      <line num="74" type="stmt" count="7"/>
      <line num="81" type="method" name="calcSeconds" visibility="public" complexity="1" crap="1" count="7"/>
      <line num="83" type="stmt" count="7"/>
      <line num="84" type="stmt" count="7"/>
      <line num="85" type="stmt" count="7"/>
      <line num="92" type="method" name="calcSign" visibility="public" complexity="2" crap="2" count="7"/>
      <line num="94" type="stmt" count="7"/>
      <line num="95" type="stmt" count="7"/>
      <line num="102" type="method" name="fetchData" visibility="public" complexity="1" crap="1" count="7"/>
      <line num="104" type="stmt" count="7"/>
      <line num="105" type="stmt" count="7"/>
      <line num="106" type="stmt" count="7"/>
      <line num="107" type="stmt" count="7"/>
      <line num="108" type="stmt" count="7"/>
      <line num="110" type="stmt" count="1"/>
      <metrics loc="109" ncloc="59" classes="1" methods="8" coveredmethods="8" conditionals="15" coveredconditionals="15" statements="23" coveredstatements="23" elements="46" coveredelements="46"/>
    </file>
    <file name="/home/vagrant/code/packages/trigonometry/src/Builders/FromDegrees.php">
      <class name="MarcoConsiglio\Trigonometry\Builders\FromDegrees" namespace="global">
        <metrics complexity="9" methods="3" coveredmethods="3" conditionals="7" coveredconditionals="7" statements="14" coveredstatements="14" elements="24" coveredelements="24"/>
      </class>
      <line num="24" type="method" name="__construct" visibility="public" complexity="1" crap="1" count="8"/>
      <line num="26" type="stmt" count="8"/>
      <line num="27" type="stmt" count="8"/>
      <line num="28" type="stmt" count="8"/>
      <line num="29" type="stmt" count="8"/>
      <line num="30" type="stmt" count="8"/>
      <line num="31" type="stmt" count="6"/>
      <line num="32" type="stmt" count="6"/>
      <line num="39" type="method" name="checkOverflow" visibility="public" complexity="2" crap="2" count="8"/>
      <line num="41" type="stmt" count="8"/>
      <line num="42" type="stmt" count="8"/>
      <line num="43" type="stmt" count="2"/>
      <line num="45" type="stmt" count="6"/>
      <line num="53" type="method" name="exceedsRoundAngle" visibility="protected" complexity="2" crap="2" count="8"/>
      <line num="55" type="stmt" count="8"/>
      <line num="56" type="stmt" count="2"/>
      <line num="58" type="stmt" count="6"/>
      <line num="105" type="stmt" count="1"/>
      <metrics loc="104" ncloc="56" classes="1" methods="3" coveredmethods="3" conditionals="7" coveredconditionals="7" statements="14" coveredstatements="14" elements="24" coveredelements="24"/>
    </file>
    <file name="/home/vagrant/code/packages/trigonometry/src/Builders/FromRadiant.php">
      <class name="MarcoConsiglio\Trigonometry\Builders\FromRadiant" namespace="global">
        <metrics complexity="5" methods="3" coveredmethods="3" conditionals="7" coveredconditionals="7" statements="10" coveredstatements="10" elements="20" coveredelements="20"/>
      </class>
      <line num="24" type="method" name="__construct" visibility="public" complexity="1" crap="1" count="4"/>
      <line num="26" type="stmt" count="4"/>
      <line num="27" type="stmt" count="4"/>
      <line num="28" type="stmt" count="2"/>
      <line num="29" type="stmt" count="2"/>
      <line num="37" type="method" name="checkOverflow" visibility="public" complexity="2" crap="2" count="4"/>
      <line num="39" type="stmt" count="4"/>
      <line num="40" type="stmt" count="2"/>
      <line num="42" type="stmt" count="2"/>
      <line num="51" type="method" name="exceedsRoundAngle" visibility="protected" complexity="2" crap="2" count="4"/>
      <line num="53" type="stmt" count="4"/>
      <line num="54" type="stmt" count="2"/>
      <line num="56" type="stmt" count="2"/>
      <line num="58" type="stmt" count="1"/>
      <metrics loc="57" ncloc="31" classes="1" methods="3" coveredmethods="3" conditionals="7" coveredconditionals="7" statements="10" coveredstatements="10" elements="20" coveredelements="20"/>
    </file>
    <file name="/home/vagrant/code/packages/trigonometry/src/Builders/FromString.php">
      <class name="MarcoConsiglio\Trigonometry\Builders\FromString" namespace="global">
        <metrics complexity="11" methods="8" coveredmethods="7" conditionals="15" coveredconditionals="14" statements="24" coveredstatements="23" elements="47" coveredelements="44"/>
      </class>
      <line num="40" type="method" name="__construct" visibility="public" complexity="1" crap="1" count="4"/>
      <line num="42" type="stmt" count="4"/>
      <line num="43" type="stmt" count="4"/>
      <line num="44" type="stmt" count="4"/>
      <line num="45" type="stmt" count="2"/>
      <line num="55" type="method" name="parseDegreesString" visibility="protected" complexity="1" crap="1" count="4"/>
      <line num="57" type="stmt" count="4"/>
      <line num="58" type="stmt" count="4"/>
      <line num="65" type="method" name="checkOverflow" visibility="public" complexity="3" crap="3.33" count="4"/>
      <line num="67" type="stmt" count="4"/>
      <line num="68" type="stmt" count="2"/>
      <line num="70" type="stmt" count="2"/>
      <line num="71" type="stmt" count="0"/>
      <line num="73" type="stmt" count="2"/>
      <line num="80" type="method" name="calcDegrees" visibility="public" complexity="1" crap="1" count="2"/>
      <line num="82" type="stmt" count="2"/>
      <line num="83" type="stmt" count="2"/>
      <line num="90" type="method" name="calcMinutes" visibility="public" complexity="1" crap="1" count="2"/>
      <line num="92" type="stmt" count="2"/>
      <line num="93" type="stmt" count="2"/>
      <line num="100" type="method" name="calcSeconds" visibility="public" complexity="1" crap="1" count="2"/>
      <line num="102" type="stmt" count="2"/>
      <line num="103" type="stmt" count="2"/>
      <line num="111" type="method" name="calcSign" visibility="public" complexity="2" crap="2" count="2"/>
      <line num="113" type="stmt" count="2"/>
      <line num="114" type="stmt" count="2"/>
      <line num="121" type="method" name="fetchData" visibility="public" complexity="1" crap="1" count="2"/>
      <line num="123" type="stmt" count="2"/>
      <line num="124" type="stmt" count="2"/>
      <line num="125" type="stmt" count="2"/>
      <line num="126" type="stmt" count="2"/>
      <line num="127" type="stmt" count="2"/>
      <line num="129" type="stmt" count="1"/>
      <metrics loc="128" ncloc="65" classes="1" methods="8" coveredmethods="7" conditionals="15" coveredconditionals="14" statements="24" coveredstatements="23" elements="47" coveredelements="44"/>
    </file>
    <file name="/home/vagrant/code/packages/trigonometry/src/Exceptions/AngleOverflowException.php">
      <class name="MarcoConsiglio\Trigonometry\Exceptions\AngleOverflowException" namespace="global">
        <metrics complexity="1" methods="1" coveredmethods="1" conditionals="1" coveredconditionals="1" statements="2" coveredstatements="2" elements="4" coveredelements="4"/>
      </class>
      <line num="16" type="method" name="__construct" visibility="public" complexity="1" crap="1" count="6"/>
      <line num="18" type="stmt" count="6"/>
      <line num="19" type="stmt" count="6"/>
      <line num="20" type="stmt" count="1"/>
      <metrics loc="19" ncloc="11" classes="1" methods="1" coveredmethods="1" conditionals="1" coveredconditionals="1" statements="2" coveredstatements="2" elements="4" coveredelements="4"/>
    </file>
    <file name="/home/vagrant/code/packages/trigonometry/src/Exceptions/NoMatchException.php">
      <class name="MarcoConsiglio\Trigonometry\Exceptions\NoMatchException" namespace="global">
        <metrics complexity="1" methods="1" coveredmethods="1" conditionals="1" coveredconditionals="1" statements="2" coveredstatements="2" elements="4" coveredelements="4"/>
      </class>
      <line num="17" type="method" name="__construct" visibility="public" complexity="1" crap="1" count="2"/>
      <line num="19" type="stmt" count="2"/>
      <line num="20" type="stmt" count="2"/>
      <line num="21" type="stmt" count="1"/>
      <metrics loc="20" ncloc="11" classes="1" methods="1" coveredmethods="1" conditionals="1" coveredconditionals="1" statements="2" coveredstatements="2" elements="4" coveredelements="4"/>
    </file>
    <file name="/home/vagrant/code/packages/trigonometry/src/Exceptions/RegExFailureException.php">
      <class name="MarcoConsiglio\Trigonometry\Exceptions\RegExFailureException" namespace="global">
        <metrics complexity="1" methods="1" coveredmethods="1" conditionals="1" coveredconditionals="1" statements="2" coveredstatements="2" elements="4" coveredelements="4"/>
      </class>
      <line num="17" type="method" name="__construct" visibility="public" complexity="1" crap="1" count="1"/>
      <line num="19" type="stmt" count="1"/>
      <line num="20" type="stmt" count="1"/>
      <line num="21" type="stmt" count="1"/>
      <metrics loc="20" ncloc="11" classes="1" methods="1" coveredmethods="1" conditionals="1" coveredconditionals="1" statements="2" coveredstatements="2" elements="4" coveredelements="4"/>
    </file>
    <file name="/home/vagrant/code/packages/trigonometry/src/Interfaces/Angle.php">
      <line num="164" type="stmt" count="1"/>
      <metrics loc="163" ncloc="44" classes="0" methods="0" coveredmethods="0" conditionals="0" coveredconditionals="0" statements="0" coveredstatements="0" elements="0" coveredelements="0"/>
    </file>
    <file name="/home/vagrant/code/packages/trigonometry/src/Interfaces/AngleBuilder.php">
      <line num="49" type="stmt" count="1"/>
      <metrics loc="48" ncloc="16" classes="0" methods="0" coveredmethods="0" conditionals="0" coveredconditionals="0" statements="0" coveredstatements="0" elements="0" coveredelements="0"/>
    </file>
    <file name="/home/vagrant/code/packages/trigonometry/src/Operations/Sum.php">
      <class name="MarcoConsiglio\Trigonometry\Operations\Sum" namespace="global">
        <metrics complexity="10" methods="7" coveredmethods="5" conditionals="14" coveredconditionals="11" statements="26" coveredstatements="24" elements="47" coveredelements="40"/>
      </class>
      <line num="39" type="method" name="__construct" visibility="public" complexity="1" crap="1" count="2"/>
      <line num="41" type="stmt" count="2"/>
      <line num="42" type="stmt" count="2"/>
      <line num="43" type="stmt" count="2"/>
      <line num="44" type="stmt" count="2"/>
      <line num="45" type="stmt" count="2"/>
      <line num="46" type="stmt" count="2"/>
      <line num="47" type="stmt" count="2"/>
      <line num="48" type="stmt" count="2"/>
      <line num="55" type="method" name="calcDegrees" visibility="protected" complexity="1" crap="1" count="2"/>
      <line num="57" type="stmt" count="2"/>
      <line num="58" type="stmt" count="2"/>
      <line num="65" type="method" name="calcMinutes" visibility="protected" complexity="1" crap="1" count="2"/>
      <line num="67" type="stmt" count="2"/>
      <line num="68" type="stmt" count="2"/>
      <line num="75" type="method" name="calcSeconds" visibility="public" complexity="1" crap="1" count="2"/>
      <line num="77" type="stmt" count="2"/>
      <line num="78" type="stmt" count="2"/>
      <line num="79" type="stmt" count="2"/>
      <line num="80" type="stmt" count="2"/>
      <line num="82" type="stmt" count="2"/>
      <line num="89" type="method" name="calcSign" visibility="public" complexity="2" crap="2.50" count="2"/>
      <line num="91" type="stmt" count="2"/>
      <line num="92" type="stmt" count="2"/>
      <line num="99" type="method" name="calcDecimalSum" visibility="protected" complexity="1" crap="1" count="2"/>
      <line num="101" type="stmt" count="2"/>
      <line num="102" type="stmt" count="2"/>
      <line num="111" type="method" name="cutOverflow" visibility="protected" complexity="3" crap="5.67" count="2"/>
      <line num="113" type="stmt" count="2"/>
      <line num="114" type="stmt" count="2"/>
      <line num="115" type="stmt" count="0"/>
      <line num="116" type="stmt" count="0"/>
      <line num="118" type="stmt" count="2"/>
      <line num="122" type="stmt" count="1"/>
      <metrics loc="121" ncloc="65" classes="1" methods="7" coveredmethods="5" conditionals="14" coveredconditionals="11" statements="26" coveredstatements="24" elements="47" coveredelements="40"/>
    </file>
    <metrics files="12" loc="1304" ncloc="617" classes="10" methods="58" coveredmethods="54" conditionals="116" coveredconditionals="111" statements="176" coveredstatements="169" elements="350" coveredelements="334"/>
  </project>
</coverage>
